0 info it worked if it ends with ok
1 verbose cli [ 'node', '/usr/local/bin/npm', 'install' ]
2 info using npm@1.4.28
3 info using node@v0.10.33
4 verbose readDependencies using package.json deps
5 verbose install where, deps [ '/Users/bex/Documents/Projects/Sugars',
5 verbose install   [ 'aurelia-tools',
5 verbose install     'browser-sync',
5 verbose install     'conventional-changelog',
5 verbose install     'del',
5 verbose install     'express',
5 verbose install     'gulp',
5 verbose install     'gulp-6to5',
5 verbose install     'gulp-bump',
5 verbose install     'gulp-changed',
5 verbose install     'gulp-jshint',
5 verbose install     'gulp-plumber',
5 verbose install     'gulp-protractor',
5 verbose install     'gulp-sourcemaps',
5 verbose install     'gulp-shell',
5 verbose install     'gulp-yuidoc',
5 verbose install     'jshint-stylish',
5 verbose install     'jspm',
5 verbose install     'object.assign',
5 verbose install     'require-dir',
5 verbose install     'run-sequence',
5 verbose install     'vinyl-paths',
5 verbose install     'pg',
5 verbose install     'jasmine-core',
5 verbose install     'karma',
5 verbose install     'karma-6to5-preprocessor',
5 verbose install     'karma-chrome-launcher',
5 verbose install     'karma-jasmine',
5 verbose install     'karma-jspm' ] ]
6 info preinstall aurelia-skeleton-navigation@0.9.6
7 warn package.json karma-chrome-launcher@0.1.7 No README data
8 verbose readDependencies using package.json deps
9 verbose already installed skipping aurelia-tools@^0.1.0 /Users/bex/Documents/Projects/Sugars
10 verbose already installed skipping browser-sync@^1.8.1 /Users/bex/Documents/Projects/Sugars
11 verbose already installed skipping conventional-changelog@0.0.11 /Users/bex/Documents/Projects/Sugars
12 verbose already installed skipping del@^1.1.0 /Users/bex/Documents/Projects/Sugars
13 verbose cache add [ 'express@^4.9.x', null ]
14 verbose cache add name=undefined spec="express@^4.9.x" args=["express@^4.9.x",null]
15 verbose parsed url { protocol: null,
15 verbose parsed url   slashes: null,
15 verbose parsed url   auth: null,
15 verbose parsed url   host: null,
15 verbose parsed url   port: null,
15 verbose parsed url   hostname: null,
15 verbose parsed url   hash: null,
15 verbose parsed url   search: null,
15 verbose parsed url   query: null,
15 verbose parsed url   pathname: 'express@^4.9.x',
15 verbose parsed url   path: 'express@^4.9.x',
15 verbose parsed url   href: 'express@^4.9.x' }
16 verbose already installed skipping gulp@^3.8.10 /Users/bex/Documents/Projects/Sugars
17 verbose already installed skipping gulp-6to5@^3.0.0 /Users/bex/Documents/Projects/Sugars
18 verbose cache add name="express" spec="^4.9.x" args=["express","^4.9.x"]
19 verbose parsed url { protocol: null,
19 verbose parsed url   slashes: null,
19 verbose parsed url   auth: null,
19 verbose parsed url   host: null,
19 verbose parsed url   port: null,
19 verbose parsed url   hostname: null,
19 verbose parsed url   hash: null,
19 verbose parsed url   search: null,
19 verbose parsed url   query: null,
19 verbose parsed url   pathname: '^4.9.x',
19 verbose parsed url   path: '^4.9.x',
19 verbose parsed url   href: '^4.9.x' }
20 verbose addNamed [ 'express', '^4.9.x' ]
21 verbose addNamed [ null, '>=4.9.0-0 <5.0.0-0' ]
22 silly lockFile 8766ccec-express-4-9-x express@^4.9.x
23 verbose lock express@^4.9.x /Users/bex/.npm/8766ccec-express-4-9-x.lock
24 verbose already installed skipping gulp-bump@^0.1.11 /Users/bex/Documents/Projects/Sugars
25 silly addNameRange { name: 'express', range: '>=4.9.0-0 <5.0.0-0', hasData: false }
26 verbose already installed skipping gulp-changed@^1.1.0 /Users/bex/Documents/Projects/Sugars
27 verbose already installed skipping gulp-jshint@^1.9.0 /Users/bex/Documents/Projects/Sugars
28 verbose already installed skipping gulp-plumber@^0.6.6 /Users/bex/Documents/Projects/Sugars
29 verbose already installed skipping gulp-protractor@^0.0.12 /Users/bex/Documents/Projects/Sugars
30 verbose request where is /express
31 verbose request registry https://registry.npmjs.org/
32 verbose request id 06818535d29902c1
33 verbose url raw /express
34 verbose url resolving [ 'https://registry.npmjs.org/', './express' ]
35 verbose url resolved https://registry.npmjs.org/express
36 verbose request where is https://registry.npmjs.org/express
37 info trying registry request attempt 1 at 20:34:12
38 verbose etag "1ECGFPS438WFIF0TJS3YCXYYJ"
39 http GET https://registry.npmjs.org/express
40 verbose already installed skipping gulp-sourcemaps@^1.3.0 /Users/bex/Documents/Projects/Sugars
41 verbose cache add [ 'gulp-shell@~0.4.0', null ]
42 verbose cache add name=undefined spec="gulp-shell@~0.4.0" args=["gulp-shell@~0.4.0",null]
43 verbose parsed url { protocol: null,
43 verbose parsed url   slashes: null,
43 verbose parsed url   auth: null,
43 verbose parsed url   host: null,
43 verbose parsed url   port: null,
43 verbose parsed url   hostname: null,
43 verbose parsed url   hash: null,
43 verbose parsed url   search: null,
43 verbose parsed url   query: null,
43 verbose parsed url   pathname: 'gulp-shell@~0.4.0',
43 verbose parsed url   path: 'gulp-shell@~0.4.0',
43 verbose parsed url   href: 'gulp-shell@~0.4.0' }
44 verbose already installed skipping gulp-yuidoc@^0.1.2 /Users/bex/Documents/Projects/Sugars
45 verbose already installed skipping jshint-stylish@^1.0.0 /Users/bex/Documents/Projects/Sugars
46 verbose cache add [ 'jspm@~0.14.0', null ]
47 verbose cache add name=undefined spec="jspm@~0.14.0" args=["jspm@~0.14.0",null]
48 verbose parsed url { protocol: null,
48 verbose parsed url   slashes: null,
48 verbose parsed url   auth: null,
48 verbose parsed url   host: null,
48 verbose parsed url   port: null,
48 verbose parsed url   hostname: null,
48 verbose parsed url   hash: null,
48 verbose parsed url   search: null,
48 verbose parsed url   query: null,
48 verbose parsed url   pathname: 'jspm@~0.14.0',
48 verbose parsed url   path: 'jspm@~0.14.0',
48 verbose parsed url   href: 'jspm@~0.14.0' }
49 verbose already installed skipping object.assign@^1.0.3 /Users/bex/Documents/Projects/Sugars
50 verbose already installed skipping require-dir@^0.1.0 /Users/bex/Documents/Projects/Sugars
51 verbose already installed skipping run-sequence@^1.0.2 /Users/bex/Documents/Projects/Sugars
52 verbose already installed skipping vinyl-paths@^1.0.0 /Users/bex/Documents/Projects/Sugars
53 verbose cache add [ 'pg@~4.3.0', null ]
54 verbose cache add name=undefined spec="pg@~4.3.0" args=["pg@~4.3.0",null]
55 verbose parsed url { protocol: null,
55 verbose parsed url   slashes: null,
55 verbose parsed url   auth: null,
55 verbose parsed url   host: null,
55 verbose parsed url   port: null,
55 verbose parsed url   hostname: null,
55 verbose parsed url   hash: null,
55 verbose parsed url   search: null,
55 verbose parsed url   query: null,
55 verbose parsed url   pathname: 'pg@~4.3.0',
55 verbose parsed url   path: 'pg@~4.3.0',
55 verbose parsed url   href: 'pg@~4.3.0' }
56 verbose already installed skipping jasmine-core@^2.1.3 /Users/bex/Documents/Projects/Sugars
57 verbose already installed skipping karma@^0.12.28 /Users/bex/Documents/Projects/Sugars
58 verbose already installed skipping karma-6to5-preprocessor@^3.0.0 /Users/bex/Documents/Projects/Sugars
59 verbose already installed skipping karma-chrome-launcher@^0.1.7 /Users/bex/Documents/Projects/Sugars
60 verbose already installed skipping karma-jasmine@^0.3.2 /Users/bex/Documents/Projects/Sugars
61 verbose already installed skipping karma-jspm@^1.0.1 /Users/bex/Documents/Projects/Sugars
62 verbose cache add name="gulp-shell" spec="~0.4.0" args=["gulp-shell","~0.4.0"]
63 verbose parsed url { protocol: null,
63 verbose parsed url   slashes: null,
63 verbose parsed url   auth: null,
63 verbose parsed url   host: null,
63 verbose parsed url   port: null,
63 verbose parsed url   hostname: null,
63 verbose parsed url   hash: null,
63 verbose parsed url   search: null,
63 verbose parsed url   query: null,
63 verbose parsed url   pathname: '~0.4.0',
63 verbose parsed url   path: '~0.4.0',
63 verbose parsed url   href: '~0.4.0' }
64 verbose addNamed [ 'gulp-shell', '~0.4.0' ]
65 verbose addNamed [ null, '>=0.4.0-0 <0.5.0-0' ]
66 silly lockFile 1ab5beba-gulp-shell-0-4-0 gulp-shell@~0.4.0
67 verbose lock gulp-shell@~0.4.0 /Users/bex/.npm/1ab5beba-gulp-shell-0-4-0.lock
68 verbose cache add name="jspm" spec="~0.14.0" args=["jspm","~0.14.0"]
69 verbose parsed url { protocol: null,
69 verbose parsed url   slashes: null,
69 verbose parsed url   auth: null,
69 verbose parsed url   host: null,
69 verbose parsed url   port: null,
69 verbose parsed url   hostname: null,
69 verbose parsed url   hash: null,
69 verbose parsed url   search: null,
69 verbose parsed url   query: null,
69 verbose parsed url   pathname: '~0.14.0',
69 verbose parsed url   path: '~0.14.0',
69 verbose parsed url   href: '~0.14.0' }
70 verbose addNamed [ 'jspm', '~0.14.0' ]
71 verbose addNamed [ null, '>=0.14.0-0 <0.15.0-0' ]
72 silly lockFile e1f83440-jspm-0-14-0 jspm@~0.14.0
73 verbose lock jspm@~0.14.0 /Users/bex/.npm/e1f83440-jspm-0-14-0.lock
74 verbose cache add name="pg" spec="~4.3.0" args=["pg","~4.3.0"]
75 verbose parsed url { protocol: null,
75 verbose parsed url   slashes: null,
75 verbose parsed url   auth: null,
75 verbose parsed url   host: null,
75 verbose parsed url   port: null,
75 verbose parsed url   hostname: null,
75 verbose parsed url   hash: null,
75 verbose parsed url   search: null,
75 verbose parsed url   query: null,
75 verbose parsed url   pathname: '~4.3.0',
75 verbose parsed url   path: '~4.3.0',
75 verbose parsed url   href: '~4.3.0' }
76 verbose addNamed [ 'pg', '~4.3.0' ]
77 verbose addNamed [ null, '>=4.3.0-0 <4.4.0-0' ]
78 silly lockFile 572d6733-pg-4-3-0 pg@~4.3.0
79 verbose lock pg@~4.3.0 /Users/bex/.npm/572d6733-pg-4-3-0.lock
80 silly addNameRange { name: 'gulp-shell',
80 silly addNameRange   range: '>=0.4.0-0 <0.5.0-0',
80 silly addNameRange   hasData: false }
81 silly addNameRange { name: 'jspm', range: '>=0.14.0-0 <0.15.0-0', hasData: false }
82 silly addNameRange { name: 'pg', range: '>=4.3.0-0 <4.4.0-0', hasData: false }
83 verbose request where is /gulp-shell
84 verbose request registry https://registry.npmjs.org/
85 verbose url raw /gulp-shell
86 verbose url resolving [ 'https://registry.npmjs.org/', './gulp-shell' ]
87 verbose url resolved https://registry.npmjs.org/gulp-shell
88 verbose request where is https://registry.npmjs.org/gulp-shell
89 info trying registry request attempt 1 at 20:34:12
90 http GET https://registry.npmjs.org/gulp-shell
91 verbose request where is /pg
92 verbose request registry https://registry.npmjs.org/
93 verbose url raw /pg
94 verbose url resolving [ 'https://registry.npmjs.org/', './pg' ]
95 verbose url resolved https://registry.npmjs.org/pg
96 verbose request where is https://registry.npmjs.org/pg
97 info trying registry request attempt 1 at 20:34:12
98 http GET https://registry.npmjs.org/pg
99 verbose request where is /jspm
100 verbose request registry https://registry.npmjs.org/
101 verbose url raw /jspm
102 verbose url resolving [ 'https://registry.npmjs.org/', './jspm' ]
103 verbose url resolved https://registry.npmjs.org/jspm
104 verbose request where is https://registry.npmjs.org/jspm
105 info trying registry request attempt 1 at 20:34:12
106 verbose etag "782OO4HXNZ3OYOYENKRWVL6U2"
107 http GET https://registry.npmjs.org/jspm
108 http 200 https://registry.npmjs.org/gulp-shell
109 silly registry.get cb [ 200,
109 silly registry.get   { date: 'Sun, 22 Mar 2015 07:34:12 GMT',
109 silly registry.get     server: 'CouchDB/1.5.0 (Erlang OTP/R16B03)',
109 silly registry.get     etag: '"3B0D0SHY590BUM1HQXLETIXAN"',
109 silly registry.get     'content-type': 'application/json',
109 silly registry.get     'cache-control': 'max-age=60',
109 silly registry.get     'content-length': '22310',
109 silly registry.get     'accept-ranges': 'bytes',
109 silly registry.get     via: '1.1 varnish',
109 silly registry.get     age: '0',
109 silly registry.get     'x-served-by': 'cache-akl6421-AKL',
109 silly registry.get     'x-cache': 'MISS',
109 silly registry.get     'x-cache-hits': '0',
109 silly registry.get     'x-timer': 'S1427009652.041475,VS0,VE851',
109 silly registry.get     vary: 'Accept',
109 silly registry.get     'keep-alive': 'timeout=10, max=50',
109 silly registry.get     connection: 'Keep-Alive' } ]
110 silly addNameRange number 2 { name: 'gulp-shell',
110 silly addNameRange   range: '>=0.4.0-0 <0.5.0-0',
110 silly addNameRange   hasData: true }
111 silly addNameRange versions [ 'gulp-shell',
111 silly addNameRange   [ '0.1.0',
111 silly addNameRange     '0.2.0',
111 silly addNameRange     '0.2.1',
111 silly addNameRange     '0.2.2',
111 silly addNameRange     '0.2.3',
111 silly addNameRange     '0.2.4',
111 silly addNameRange     '0.2.5',
111 silly addNameRange     '0.2.7',
111 silly addNameRange     '0.2.8',
111 silly addNameRange     '0.2.9',
111 silly addNameRange     '0.2.10',
111 silly addNameRange     '0.2.11',
111 silly addNameRange     '0.3.0',
111 silly addNameRange     '0.4.0' ] ]
112 verbose addNamed [ 'gulp-shell', '0.4.0' ]
113 verbose addNamed [ '0.4.0', '0.4.0' ]
114 silly lockFile 3172c7d3-gulp-shell-0-4-0 gulp-shell@0.4.0
115 verbose lock gulp-shell@0.4.0 /Users/bex/.npm/3172c7d3-gulp-shell-0-4-0.lock
116 silly lockFile c7de6096--gulp-shell-gulp-shell-0-4-0-tgz https://registry.npmjs.org/gulp-shell/-/gulp-shell-0.4.0.tgz
117 verbose lock https://registry.npmjs.org/gulp-shell/-/gulp-shell-0.4.0.tgz /Users/bex/.npm/c7de6096--gulp-shell-gulp-shell-0-4-0-tgz.lock
118 verbose addRemoteTarball [ 'https://registry.npmjs.org/gulp-shell/-/gulp-shell-0.4.0.tgz',
118 verbose addRemoteTarball   'ab8fc7ba19edfac74d4316ac55195b7b3b1ffab8' ]
119 info retry fetch attempt 1 at 20:34:13
120 verbose fetch to= /var/folders/68/z_n7rvfx6mx_k2g64rw9bvv80000gn/T/npm-58041-356fdU_p/registry.npmjs.org/gulp-shell/-/gulp-shell-0.4.0.tgz
121 http GET https://registry.npmjs.org/gulp-shell/-/gulp-shell-0.4.0.tgz
122 http 200 https://registry.npmjs.org/express
123 silly registry.get cb [ 200,
123 silly registry.get   { date: 'Sun, 22 Mar 2015 07:34:12 GMT',
123 silly registry.get     server: 'CouchDB/1.5.0 (Erlang OTP/R16B03)',
123 silly registry.get     etag: '"C803CYBCEXHVOF5XWX9RH9CQ0"',
123 silly registry.get     'content-type': 'application/json',
123 silly registry.get     'cache-control': 'max-age=60',
123 silly registry.get     'content-length': '491621',
123 silly registry.get     'accept-ranges': 'bytes',
123 silly registry.get     via: '1.1 varnish',
123 silly registry.get     age: '0',
123 silly registry.get     'x-served-by': 'cache-akl6421-AKL',
123 silly registry.get     'x-cache': 'HIT',
123 silly registry.get     'x-cache-hits': '1',
123 silly registry.get     'x-timer': 'S1427009652.041361,VS0,VE948',
123 silly registry.get     vary: 'Accept',
123 silly registry.get     'keep-alive': 'timeout=10, max=50',
123 silly registry.get     connection: 'Keep-Alive' } ]
124 silly addNameRange number 2 { name: 'express', range: '>=4.9.0-0 <5.0.0-0', hasData: true }
125 silly addNameRange versions [ 'express',
125 silly addNameRange   [ '0.14.0',
125 silly addNameRange     '0.14.1',
125 silly addNameRange     '1.0.0',
125 silly addNameRange     '1.0.1',
125 silly addNameRange     '1.0.2',
125 silly addNameRange     '1.0.3',
125 silly addNameRange     '1.0.4',
125 silly addNameRange     '1.0.5',
125 silly addNameRange     '1.0.6',
125 silly addNameRange     '1.0.7',
125 silly addNameRange     '1.0.8',
125 silly addNameRange     '2.0.0',
125 silly addNameRange     '2.1.0',
125 silly addNameRange     '2.1.1',
125 silly addNameRange     '2.2.0',
125 silly addNameRange     '2.2.1',
125 silly addNameRange     '2.2.2',
125 silly addNameRange     '2.3.0',
125 silly addNameRange     '2.3.1',
125 silly addNameRange     '2.3.2',
125 silly addNameRange     '2.3.3',
125 silly addNameRange     '2.3.4',
125 silly addNameRange     '2.3.5',
125 silly addNameRange     '2.3.6',
125 silly addNameRange     '2.3.7',
125 silly addNameRange     '2.3.8',
125 silly addNameRange     '2.3.9',
125 silly addNameRange     '2.3.10',
125 silly addNameRange     '2.3.11',
125 silly addNameRange     '2.3.12',
125 silly addNameRange     '2.4.0',
125 silly addNameRange     '2.4.1',
125 silly addNameRange     '2.4.2',
125 silly addNameRange     '2.4.3',
125 silly addNameRange     '2.4.4',
125 silly addNameRange     '2.4.5',
125 silly addNameRange     '2.4.6',
125 silly addNameRange     '2.4.7',
125 silly addNameRange     '2.5.0',
125 silly addNameRange     '2.5.1',
125 silly addNameRange     '2.5.2',
125 silly addNameRange     '2.5.3',
125 silly addNameRange     '2.5.4',
125 silly addNameRange     '2.5.5',
125 silly addNameRange     '2.5.6',
125 silly addNameRange     '2.5.7',
125 silly addNameRange     '2.5.8',
125 silly addNameRange     '2.5.9',
125 silly addNameRange     '2.5.10',
125 silly addNameRange     '2.5.11',
125 silly addNameRange     '3.0.0',
125 silly addNameRange     '3.0.1',
125 silly addNameRange     '3.0.2',
125 silly addNameRange     '3.0.3',
125 silly addNameRange     '3.0.4',
125 silly addNameRange     '3.0.5',
125 silly addNameRange     '3.0.6',
125 silly addNameRange     '3.1.0',
125 silly addNameRange     '3.1.1',
125 silly addNameRange     '3.1.2',
125 silly addNameRange     '3.2.0',
125 silly addNameRange     '3.2.1',
125 silly addNameRange     '3.2.2',
125 silly addNameRange     '3.2.3',
125 silly addNameRange     '3.2.4',
125 silly addNameRange     '3.2.5',
125 silly addNameRange     '3.2.6',
125 silly addNameRange     '3.3.0',
125 silly addNameRange     '3.3.1',
125 silly addNameRange     '3.3.2',
125 silly addNameRange     '3.3.3',
125 silly addNameRange     '3.3.4',
125 silly addNameRange     '3.3.5',
125 silly addNameRange     '3.3.6',
125 silly addNameRange     '1.0.0-beta',
125 silly addNameRange     '1.0.0-beta2',
125 silly addNameRange     '1.0.0-rc',
125 silly addNameRange     '1.0.0-rc2',
125 silly addNameRange     '1.0.0-rc3',
125 silly addNameRange     '1.0.0-rc4',
125 silly addNameRange     '2.0.0-beta',
125 silly addNameRange     '2.0.0-beta2',
125 silly addNameRange     '2.0.0-beta3',
125 silly addNameRange     '2.0.0-rc',
125 silly addNameRange     '2.0.0-rc2',
125 silly addNameRange     '2.0.0-rc3',
125 silly addNameRange     '3.0.0-alpha1',
125 silly addNameRange     '3.0.0-alpha2',
125 silly addNameRange     '3.0.0-alpha3',
125 silly addNameRange     '3.0.0-alpha4',
125 silly addNameRange     '3.0.0-alpha5',
125 silly addNameRange     '3.0.0-beta1',
125 silly addNameRange     '3.0.0-beta2',
125 silly addNameRange     '3.0.0-beta3',
125 silly addNameRange     '3.0.0-beta4',
125 silly addNameRange     '3.0.0-beta6',
125 silly addNameRange     '3.0.0-beta7',
125 silly addNameRange     '3.0.0-rc1',
125 silly addNameRange     '3.0.0-rc2',
125 silly addNameRange     '3.0.0-rc3',
125 silly addNameRange     '3.0.0-rc4',
125 silly addNameRange     '3.0.0-rc5',
125 silly addNameRange     '3.3.7',
125 silly addNameRange     '3.3.8',
125 silly addNameRange     '3.4.0',
125 silly addNameRange     '3.4.1',
125 silly addNameRange     '3.4.2',
125 silly addNameRange     '3.4.3',
125 silly addNameRange     '3.4.4',
125 silly addNameRange     '3.4.5',
125 silly addNameRange     '3.4.6',
125 silly addNameRange     '3.4.7',
125 silly addNameRange     '3.4.8',
125 silly addNameRange     '4.0.0-rc1',
125 silly addNameRange     '4.0.0-rc2',
125 silly addNameRange     '3.5.0',
125 silly addNameRange     '4.0.0-rc3',
125 silly addNameRange     '4.0.0-rc4',
125 silly addNameRange     '3.5.1',
125 silly addNameRange     '4.0.0',
125 silly addNameRange     '3.5.2',
125 silly addNameRange     '4.1.0',
125 silly addNameRange     '4.1.1',
125 silly addNameRange     '3.5.3',
125 silly addNameRange     '4.1.2',
125 silly addNameRange     '3.6.0',
125 silly addNameRange     '4.2.0',
125 silly addNameRange     '3.7.0',
125 silly addNameRange     '3.8.0',
125 silly addNameRange     '4.3.0',
125 silly addNameRange     '4.3.1',
125 silly addNameRange     '3.8.1',
125 silly addNameRange     '4.3.2',
125 silly addNameRange     '3.9.0',
125 silly addNameRange     '4.4.0',
125 silly addNameRange     '4.4.1',
125 silly addNameRange     '3.10.0',
125 silly addNameRange     '3.10.1',
125 silly addNameRange     '3.10.2',
125 silly addNameRange     '3.10.3',
125 silly addNameRange     '3.10.4',
125 silly addNameRange     '4.4.2',
125 silly addNameRange     '3.10.5',
125 silly addNameRange     '4.4.3',
125 silly addNameRange     '3.11.0',
125 silly addNameRange     '4.4.4',
125 silly addNameRange     '3.12.0',
125 silly addNameRange     '3.12.1',
125 silly addNameRange     '4.4.5',
125 silly addNameRange     '3.13.0',
125 silly addNameRange     '4.5.0',
125 silly addNameRange     '4.5.1',
125 silly addNameRange     '3.14.0',
125 silly addNameRange     '4.6.0',
125 silly addNameRange     '4.6.1',
125 silly addNameRange     '3.15.0',
125 silly addNameRange     '4.7.0',
125 silly addNameRange     '3.15.1',
125 silly addNameRange     '4.7.1',
125 silly addNameRange     '3.15.2',
125 silly addNameRange     '4.7.2',
125 silly addNameRange     '4.7.3',
125 silly addNameRange     '3.15.3',
125 silly addNameRange     '4.7.4',
125 silly addNameRange     '3.16.0',
125 silly addNameRange     '4.8.0',
125 silly addNameRange     '3.16.1',
125 silly addNameRange     '4.8.1',
125 silly addNameRange     '3.16.2',
125 silly addNameRange     '4.8.2',
125 silly addNameRange     '3.16.3',
125 silly addNameRange     '3.16.4',
125 silly addNameRange     '4.8.3',
125 silly addNameRange     '3.16.5',
125 silly addNameRange     '3.16.6',
125 silly addNameRange     '4.8.4',
125 silly addNameRange     '3.16.7',
125 silly addNameRange     '4.8.5',
125 silly addNameRange     '3.16.8',
125 silly addNameRange     '4.8.6',
125 silly addNameRange     '3.16.9',
125 silly addNameRange     '4.8.7',
125 silly addNameRange     '3.16.10',
125 silly addNameRange     '4.8.8',
125 silly addNameRange     '3.17.0',
125 silly addNameRange     '3.17.1',
125 silly addNameRange     '4.9.0',
125 silly addNameRange     '3.17.2',
125 silly addNameRange     '4.9.1',
125 silly addNameRange     '4.9.2',
125 silly addNameRange     '3.17.3',
125 silly addNameRange     '4.9.3',
125 silly addNameRange     '3.17.4',
125 silly addNameRange     '4.9.4',
125 silly addNameRange     '3.17.5',
125 silly addNameRange     '4.9.5',
125 silly addNameRange     '3.17.6',
125 silly addNameRange     '3.17.7',
125 silly addNameRange     '4.9.6',
125 silly addNameRange     '4.9.7',
125 silly addNameRange     '3.17.8',
125 silly addNameRange     '4.9.8',
125 silly addNameRange     '3.18.0',
125 silly addNameRange     '3.18.1',
125 silly addNameRange     '4.10.0',
125 silly addNameRange     '3.18.2',
125 silly addNameRange     '4.10.1',
125 silly addNameRange     '5.0.0-alpha.1',
125 silly addNameRange     '3.18.3',
125 silly addNameRange     '4.10.2',
125 silly addNameRange     '3.18.4',
125 silly addNameRange     '4.10.3',
125 silly addNameRange     '4.10.4',
125 silly addNameRange     '4.10.5',
125 silly addNameRange     '3.18.5',
125 silly addNameRange     '3.18.6',
125 silly addNameRange     '4.10.6',
125 silly addNameRange     '4.10.7',
125 silly addNameRange     '3.19.0',
125 silly addNameRange     '4.10.8',
125 silly addNameRange     '4.11.0',
125 silly addNameRange     '3.19.1',
125 silly addNameRange     '4.11.1',
125 silly addNameRange     '3.19.2',
125 silly addNameRange     '4.11.2',
125 silly addNameRange     '3.20.0',
125 silly addNameRange     '4.12.0',
125 silly addNameRange     '3.20.1',
125 silly addNameRange     '4.12.1',
125 silly addNameRange     '4.12.2',
125 silly addNameRange     '3.20.2',
125 silly addNameRange     '4.12.3' ] ]
126 verbose addNamed [ 'express', '4.12.3' ]
127 verbose addNamed [ '4.12.3', '4.12.3' ]
128 silly lockFile 0b3fc563-express-4-12-3 express@4.12.3
129 verbose lock express@4.12.3 /Users/bex/.npm/0b3fc563-express-4-12-3.lock
130 silly lockFile c3db49de-s-org-express-express-4-12-3-tgz https://registry.npmjs.org/express/-/express-4.12.3.tgz
131 verbose lock https://registry.npmjs.org/express/-/express-4.12.3.tgz /Users/bex/.npm/c3db49de-s-org-express-express-4-12-3-tgz.lock
132 verbose addRemoteTarball [ 'https://registry.npmjs.org/express/-/express-4.12.3.tgz',
132 verbose addRemoteTarball   '6b9d94aec5ae03270d86d390c277a8c5a5ad0ee2' ]
133 info retry fetch attempt 1 at 20:34:13
134 verbose fetch to= /var/folders/68/z_n7rvfx6mx_k2g64rw9bvv80000gn/T/npm-58041-356fdU_p/registry.npmjs.org/express/-/express-4.12.3.tgz
135 http GET https://registry.npmjs.org/express/-/express-4.12.3.tgz
136 http 200 https://registry.npmjs.org/express/-/express-4.12.3.tgz
137 silly lockFile c3db49de-s-org-express-express-4-12-3-tgz https://registry.npmjs.org/express/-/express-4.12.3.tgz
138 silly lockFile c3db49de-s-org-express-express-4-12-3-tgz https://registry.npmjs.org/express/-/express-4.12.3.tgz
139 silly lockFile 0b3fc563-express-4-12-3 express@4.12.3
140 silly lockFile 0b3fc563-express-4-12-3 express@4.12.3
141 silly lockFile 8766ccec-express-4-9-x express@^4.9.x
142 silly lockFile 8766ccec-express-4-9-x express@^4.9.x
143 http 200 https://registry.npmjs.org/gulp-shell/-/gulp-shell-0.4.0.tgz
144 silly lockFile c7de6096--gulp-shell-gulp-shell-0-4-0-tgz https://registry.npmjs.org/gulp-shell/-/gulp-shell-0.4.0.tgz
145 silly lockFile c7de6096--gulp-shell-gulp-shell-0-4-0-tgz https://registry.npmjs.org/gulp-shell/-/gulp-shell-0.4.0.tgz
146 silly lockFile 3172c7d3-gulp-shell-0-4-0 gulp-shell@0.4.0
147 silly lockFile 3172c7d3-gulp-shell-0-4-0 gulp-shell@0.4.0
148 silly lockFile 1ab5beba-gulp-shell-0-4-0 gulp-shell@~0.4.0
149 silly lockFile 1ab5beba-gulp-shell-0-4-0 gulp-shell@~0.4.0
150 http 200 https://registry.npmjs.org/pg
151 silly registry.get cb [ 200,
151 silly registry.get   { date: 'Sun, 22 Mar 2015 07:34:14 GMT',
151 silly registry.get     server: 'CouchDB/1.5.0 (Erlang OTP/R16B03)',
151 silly registry.get     etag: '"9IMZ3Q9SVJLKAI09FDMA8MKD8"',
151 silly registry.get     'content-type': 'application/json',
151 silly registry.get     'cache-control': 'max-age=60',
151 silly registry.get     'content-length': '132282',
151 silly registry.get     'accept-ranges': 'bytes',
151 silly registry.get     via: '1.1 varnish',
151 silly registry.get     age: '1',
151 silly registry.get     'x-served-by': 'cache-akl6420-AKL',
151 silly registry.get     'x-cache': 'MISS',
151 silly registry.get     'x-cache-hits': '0',
151 silly registry.get     'x-timer': 'S1427009652.041184,VS0,VE2059',
151 silly registry.get     vary: 'Accept',
151 silly registry.get     'keep-alive': 'timeout=10, max=50',
151 silly registry.get     connection: 'Keep-Alive' } ]
152 silly addNameRange number 2 { name: 'pg', range: '>=4.3.0-0 <4.4.0-0', hasData: true }
153 silly addNameRange versions [ 'pg',
153 silly addNameRange   [ '0.4.1',
153 silly addNameRange     '0.5.0',
153 silly addNameRange     '0.5.1',
153 silly addNameRange     '0.5.2',
153 silly addNameRange     '0.5.3',
153 silly addNameRange     '0.5.4',
153 silly addNameRange     '0.5.5',
153 silly addNameRange     '0.5.6',
153 silly addNameRange     '0.5.7',
153 silly addNameRange     '0.5.8',
153 silly addNameRange     '0.6.0',
153 silly addNameRange     '0.6.1',
153 silly addNameRange     '0.6.2',
153 silly addNameRange     '0.6.3',
153 silly addNameRange     '0.6.4',
153 silly addNameRange     '0.6.5',
153 silly addNameRange     '0.6.6',
153 silly addNameRange     '0.6.7',
153 silly addNameRange     '0.6.8',
153 silly addNameRange     '0.6.9',
153 silly addNameRange     '0.6.10',
153 silly addNameRange     '0.6.11',
153 silly addNameRange     '0.6.12',
153 silly addNameRange     '0.6.13',
153 silly addNameRange     '0.6.14',
153 silly addNameRange     '0.6.15',
153 silly addNameRange     '0.6.16',
153 silly addNameRange     '0.6.17',
153 silly addNameRange     '0.6.18',
153 silly addNameRange     '0.7.0',
153 silly addNameRange     '0.7.1',
153 silly addNameRange     '0.7.2',
153 silly addNameRange     '0.8.0',
153 silly addNameRange     '0.8.1',
153 silly addNameRange     '0.8.2',
153 silly addNameRange     '0.8.3',
153 silly addNameRange     '0.8.4',
153 silly addNameRange     '0.8.6',
153 silly addNameRange     '0.8.7',
153 silly addNameRange     '0.8.8',
153 silly addNameRange     '0.9.0',
153 silly addNameRange     '0.10.0',
153 silly addNameRange     '0.10.2',
153 silly addNameRange     '0.11.1',
153 silly addNameRange     '0.11.2',
153 silly addNameRange     '0.11.3',
153 silly addNameRange     '0.12.0',
153 silly addNameRange     '0.12.1',
153 silly addNameRange     '0.12.3',
153 silly addNameRange     '0.13.0',
153 silly addNameRange     '0.13.1',
153 silly addNameRange     '0.13.3',
153 silly addNameRange     '0.14.0',
153 silly addNameRange     '0.14.1',
153 silly addNameRange     '0.15.0',
153 silly addNameRange     '0.15.1',
153 silly addNameRange     '1.0.0',
153 silly addNameRange     '1.0.1',
153 silly addNameRange     '1.0.2',
153 silly addNameRange     '1.0.3',
153 silly addNameRange     '1.0.4',
153 silly addNameRange     '1.1.0',
153 silly addNameRange     '1.1.1',
153 silly addNameRange     '1.1.2',
153 silly addNameRange     '1.1.3',
153 silly addNameRange     '1.2.0',
153 silly addNameRange     '1.3.0',
153 silly addNameRange     '2.0.0',
153 silly addNameRange     '2.1.0',
153 silly addNameRange     '2.2.0',
153 silly addNameRange     '2.3.0',
153 silly addNameRange     '2.3.1',
153 silly addNameRange     '2.4.0',
153 silly addNameRange     '2.5.0',
153 silly addNameRange     '2.5.1',
153 silly addNameRange     '2.6.0',
153 silly addNameRange     '2.6.1',
153 silly addNameRange     '2.6.2',
153 silly addNameRange     '2.7.0',
153 silly addNameRange     '2.8.0',
153 silly addNameRange     '2.8.1',
153 silly addNameRange     '2.8.2',
153 silly addNameRange     '2.8.3',
153 silly addNameRange     '2.8.4',
153 silly addNameRange     '2.8.5',
153 silly addNameRange     '2.9.0',
153 silly addNameRange     '2.10.0',
153 silly addNameRange     '2.11.0',
153 silly addNameRange     '2.11.1',
153 silly addNameRange     '3.0.2',
153 silly addNameRange     '3.0.3',
153 silly addNameRange     '3.1.0',
153 silly addNameRange     '3.2.0',
153 silly addNameRange     '3.3.0',
153 silly addNameRange     '3.4.0',
153 silly addNameRange     '3.4.1',
153 silly addNameRange     '3.4.2',
153 silly addNameRange     '3.4.3',
153 silly addNameRange     '3.4.4',
153 silly addNameRange     '3.4.5',
153 silly addNameRange     '3.5.0',
153 silly addNameRange     '3.6.0',
153 silly addNameRange     '4.0.0-beta2',
153 silly addNameRange     '3.6.1',
153 silly addNameRange     '3.6.2',
153 silly addNameRange     '3.6.3',
153 silly addNameRange     '4.0.0',
153 silly addNameRange     '4.1.0',
153 silly addNameRange     '4.1.1',
153 silly addNameRange     '4.2.0',
153 silly addNameRange     '4.3.0' ] ]
154 verbose addNamed [ 'pg', '4.3.0' ]
155 verbose addNamed [ '4.3.0', '4.3.0' ]
156 silly lockFile 7eff40c7-pg-4-3-0 pg@4.3.0
157 verbose lock pg@4.3.0 /Users/bex/.npm/7eff40c7-pg-4-3-0.lock
158 silly lockFile 8dfbb490-gistry-npmjs-org-pg-pg-4-3-0-tgz https://registry.npmjs.org/pg/-/pg-4.3.0.tgz
159 verbose lock https://registry.npmjs.org/pg/-/pg-4.3.0.tgz /Users/bex/.npm/8dfbb490-gistry-npmjs-org-pg-pg-4-3-0-tgz.lock
160 verbose addRemoteTarball [ 'https://registry.npmjs.org/pg/-/pg-4.3.0.tgz',
160 verbose addRemoteTarball   'fbeed09363e9258500354fc97d3dd7566ff758fe' ]
161 info retry fetch attempt 1 at 20:34:14
162 verbose fetch to= /var/folders/68/z_n7rvfx6mx_k2g64rw9bvv80000gn/T/npm-58041-356fdU_p/registry.npmjs.org/pg/-/pg-4.3.0.tgz
163 http GET https://registry.npmjs.org/pg/-/pg-4.3.0.tgz
164 http 200 https://registry.npmjs.org/pg/-/pg-4.3.0.tgz
165 silly lockFile 8dfbb490-gistry-npmjs-org-pg-pg-4-3-0-tgz https://registry.npmjs.org/pg/-/pg-4.3.0.tgz
166 silly lockFile 8dfbb490-gistry-npmjs-org-pg-pg-4-3-0-tgz https://registry.npmjs.org/pg/-/pg-4.3.0.tgz
167 silly lockFile 7eff40c7-pg-4-3-0 pg@4.3.0
168 silly lockFile 7eff40c7-pg-4-3-0 pg@4.3.0
169 silly lockFile 572d6733-pg-4-3-0 pg@~4.3.0
170 silly lockFile 572d6733-pg-4-3-0 pg@~4.3.0
171 http 200 https://registry.npmjs.org/jspm
172 silly registry.get cb [ 200,
172 silly registry.get   { date: 'Sun, 22 Mar 2015 07:34:17 GMT',
172 silly registry.get     server: 'CouchDB/1.5.0 (Erlang OTP/R16B03)',
172 silly registry.get     etag: '"1S2JSFQTKQBDZ9SAQ74AE58AY"',
172 silly registry.get     'content-type': 'application/json',
172 silly registry.get     'cache-control': 'max-age=60',
172 silly registry.get     'content-length': '134275',
172 silly registry.get     'accept-ranges': 'bytes',
172 silly registry.get     via: '1.1 varnish',
172 silly registry.get     age: '4',
172 silly registry.get     'x-served-by': 'cache-akl6420-AKL',
172 silly registry.get     'x-cache': 'MISS',
172 silly registry.get     'x-cache-hits': '0',
172 silly registry.get     'x-timer': 'S1427009652.041164,VS0,VE5168',
172 silly registry.get     vary: 'Accept',
172 silly registry.get     'keep-alive': 'timeout=10, max=50',
172 silly registry.get     connection: 'Keep-Alive' } ]
173 silly addNameRange number 2 { name: 'jspm', range: '>=0.14.0-0 <0.15.0-0', hasData: true }
174 silly addNameRange versions [ 'jspm',
174 silly addNameRange   [ '0.0.1',
174 silly addNameRange     '0.0.2',
174 silly addNameRange     '0.0.3',
174 silly addNameRange     '0.0.4',
174 silly addNameRange     '0.0.5',
174 silly addNameRange     '0.0.6',
174 silly addNameRange     '0.0.7',
174 silly addNameRange     '0.0.8',
174 silly addNameRange     '0.1.0',
174 silly addNameRange     '0.1.1',
174 silly addNameRange     '0.2.0',
174 silly addNameRange     '0.3.0',
174 silly addNameRange     '0.3.1',
174 silly addNameRange     '0.3.2',
174 silly addNameRange     '0.3.3',
174 silly addNameRange     '0.3.4',
174 silly addNameRange     '0.3.5',
174 silly addNameRange     '0.3.6',
174 silly addNameRange     '0.3.7',
174 silly addNameRange     '0.3.8',
174 silly addNameRange     '0.3.9',
174 silly addNameRange     '0.3.10',
174 silly addNameRange     '0.4.0',
174 silly addNameRange     '0.4.1',
174 silly addNameRange     '0.4.2',
174 silly addNameRange     '0.4.3',
174 silly addNameRange     '0.5.0-beta',
174 silly addNameRange     '0.5.0',
174 silly addNameRange     '0.5.1',
174 silly addNameRange     '0.5.2',
174 silly addNameRange     '0.5.3',
174 silly addNameRange     '0.5.4',
174 silly addNameRange     '0.5.5',
174 silly addNameRange     '0.5.6',
174 silly addNameRange     '0.5.7',
174 silly addNameRange     '0.5.8',
174 silly addNameRange     '0.5.9',
174 silly addNameRange     '0.5.10',
174 silly addNameRange     '0.5.11',
174 silly addNameRange     '0.5.12',
174 silly addNameRange     '0.5.13',
174 silly addNameRange     '0.5.14',
174 silly addNameRange     '0.5.15',
174 silly addNameRange     '0.5.16',
174 silly addNameRange     '0.6.0',
174 silly addNameRange     '0.6.1',
174 silly addNameRange     '0.6.2',
174 silly addNameRange     '0.6.3',
174 silly addNameRange     '0.6.4',
174 silly addNameRange     '0.6.5',
174 silly addNameRange     '0.6.6',
174 silly addNameRange     '0.6.7',
174 silly addNameRange     '0.6.8',
174 silly addNameRange     '0.6.9',
174 silly addNameRange     '0.6.10',
174 silly addNameRange     '0.6.11',
174 silly addNameRange     '0.6.12',
174 silly addNameRange     '0.7.0-beta.1',
174 silly addNameRange     '0.7.0-beta.2',
174 silly addNameRange     '0.7.0-beta.3',
174 silly addNameRange     '0.7.0-beta.4',
174 silly addNameRange     '0.7.0-beta.5',
174 silly addNameRange     '0.7.0-beta.6',
174 silly addNameRange     '0.7.0-beta.7',
174 silly addNameRange     '0.7.0-beta.8',
174 silly addNameRange     '0.7.0-beta.9',
174 silly addNameRange     '0.7.0-beta.10',
174 silly addNameRange     '0.6.13',
174 silly addNameRange     '0.7.0-beta.11',
174 silly addNameRange     '0.7.0-beta.12',
174 silly addNameRange     '0.7.0-beta.13',
174 silly addNameRange     '0.7.0-beta.14',
174 silly addNameRange     '0.7.0-beta.15',
174 silly addNameRange     '0.7.0-beta.16',
174 silly addNameRange     '0.7.0-beta.17',
174 silly addNameRange     '0.7.0-beta.18',
174 silly addNameRange     '0.7.0-beta.19',
174 silly addNameRange     '0.7.0-beta.20',
174 silly addNameRange     '0.7.0',
174 silly addNameRange     '0.7.1',
174 silly addNameRange     '0.8.0-beta.1',
174 silly addNameRange     '0.8.0-beta.2',
174 silly addNameRange     '0.8.0-beta.3',
174 silly addNameRange     '0.8.0-beta.4',
174 silly addNameRange     '0.7.2',
174 silly addNameRange     '0.8.0-beta.5',
174 silly addNameRange     '0.8.0-beta.6',
174 silly addNameRange     '0.7.3',
174 silly addNameRange     '0.8.0-beta.7',
174 silly addNameRange     '0.8.0-beta.8',
174 silly addNameRange     '0.8.0-beta.9',
174 silly addNameRange     '0.8.0-beta.10',
174 silly addNameRange     '0.8.0-beta.11',
174 silly addNameRange     '0.8.0-beta.12',
174 silly addNameRange     '0.8.0',
174 silly addNameRange     '0.8.1',
174 silly addNameRange     '0.8.2',
174 silly addNameRange     '0.8.3',
174 silly addNameRange     '0.8.4',
174 silly addNameRange     '0.9.0-beta.1',
174 silly addNameRange     '0.8.5',
174 silly addNameRange     '0.9.0-beta.2',
174 silly addNameRange     '0.8.6',
174 silly addNameRange     '0.9.0',
174 silly addNameRange     '0.10.0',
174 silly addNameRange     '0.10.1',
174 silly addNameRange     '0.10.2',
174 silly addNameRange     '0.10.3',
174 silly addNameRange     '0.10.4',
174 silly addNameRange     '0.10.5',
174 silly addNameRange     '0.10.6',
174 silly addNameRange     '0.11.0',
174 silly addNameRange     '0.11.1',
174 silly addNameRange     '0.11.2',
174 silly addNameRange     '0.11.3',
174 silly addNameRange     '0.11.4',
174 silly addNameRange     '0.11.5',
174 silly addNameRange     '0.11.6',
174 silly addNameRange     '0.12.0',
174 silly addNameRange     '0.13.0',
174 silly addNameRange     '0.13.1',
174 silly addNameRange     '0.13.2',
174 silly addNameRange     '0.13.3',
174 silly addNameRange     '0.13.4',
174 silly addNameRange     '0.14.0' ] ]
175 verbose addNamed [ 'jspm', '0.14.0' ]
176 verbose addNamed [ '0.14.0', '0.14.0' ]
177 silly lockFile a3a6fede-jspm-0-14-0 jspm@0.14.0
178 verbose lock jspm@0.14.0 /Users/bex/.npm/a3a6fede-jspm-0-14-0.lock
179 silly lockFile 4b2b71c2-y-npmjs-org-jspm-jspm-0-14-0-tgz https://registry.npmjs.org/jspm/-/jspm-0.14.0.tgz
180 verbose lock https://registry.npmjs.org/jspm/-/jspm-0.14.0.tgz /Users/bex/.npm/4b2b71c2-y-npmjs-org-jspm-jspm-0-14-0-tgz.lock
181 verbose addRemoteTarball [ 'https://registry.npmjs.org/jspm/-/jspm-0.14.0.tgz',
181 verbose addRemoteTarball   '67b9a0272203a249e23558059afe0d44da55511f' ]
182 info retry fetch attempt 1 at 20:34:17
183 verbose fetch to= /var/folders/68/z_n7rvfx6mx_k2g64rw9bvv80000gn/T/npm-58041-356fdU_p/registry.npmjs.org/jspm/-/jspm-0.14.0.tgz
184 http GET https://registry.npmjs.org/jspm/-/jspm-0.14.0.tgz
185 http 200 https://registry.npmjs.org/jspm/-/jspm-0.14.0.tgz
186 silly lockFile 4b2b71c2-y-npmjs-org-jspm-jspm-0-14-0-tgz https://registry.npmjs.org/jspm/-/jspm-0.14.0.tgz
187 silly lockFile 4b2b71c2-y-npmjs-org-jspm-jspm-0-14-0-tgz https://registry.npmjs.org/jspm/-/jspm-0.14.0.tgz
188 silly lockFile a3a6fede-jspm-0-14-0 jspm@0.14.0
189 silly lockFile a3a6fede-jspm-0-14-0 jspm@0.14.0
190 silly lockFile e1f83440-jspm-0-14-0 jspm@~0.14.0
191 silly lockFile e1f83440-jspm-0-14-0 jspm@~0.14.0
192 error Error: EACCES, mkdir '/Users/bex/.npm/jspm/0.14.0'
192 error  { [Error: EACCES, mkdir '/Users/bex/.npm/jspm/0.14.0']
192 error   errno: 3,
192 error   code: 'EACCES',
192 error   path: '/Users/bex/.npm/jspm/0.14.0',
192 error   parent: 'aurelia-skeleton-navigation' }
193 error Please try running this command again as root/Administrator.
194 error System Darwin 14.1.0
195 error command "node" "/usr/local/bin/npm" "install"
196 error cwd /Users/bex/Documents/Projects/Sugars
197 error node -v v0.10.33
198 error npm -v 1.4.28
199 error path /Users/bex/.npm/jspm/0.14.0
200 error code EACCES
201 error errno 3
202 error stack Error: EACCES, mkdir '/Users/bex/.npm/jspm/0.14.0'
203 verbose exit [ 3, true ]
